Namespace(num_vars=10, train=True, data_path='data/', g_path1='data/10_nodes_G1.gpickle', g_path2='data/10_nodes_G2.gpickle', g_path3='data/10_nodes_G3.gpickle', exp_path='exp/10_nodes_3_graphs/', output_ckpt='models/', sem_type='non_linear_gaussian', sigma_min=0.4, sigma_max=0.8, load_data=True, n_points=10000, num_neighbors=None, pns_thresh=0.75, pns=True, to_dag=True, jac_thresh=False, cam_pruning=False, cam_pruning_cutoff=['1e-6', '1e-4', '1e-2'], risk_extrapolation=True, beta=2.0, num_layers=3, hid_dim=16, nonlin='leaky-relu', epochs=30, batch_size=128, lr=0.0005, num_train_iter=300000, seed=40, device='cuda', stop_crit_win=100, plot_freq=10000, h_threshold=1e-08, mu_init=0.001, lambda_init=0.0, omega_lambda=0.0001, omega_mu=0.9, lr_reinit=0.001, edge_clamp_range=0.0001, norm_prod='paths', square_prod=False)
Making pns folder
PNS: num samples = 256, num nodes = 10
PNS: node 0
PNS: node 1
PNS: node 2
PNS: node 3
PNS: node 4
PNS: node 5
PNS: node 6
PNS: node 7
PNS: node 8
PNS: node 9
PNS took 6.334137916564941s
1
Updated lambda to 2.323150634765625e-06
Updated lambda to 4.622459411621093e-06
Updated mu to 0.01
Updated lambda to 2.7529716491699216e-05
Updated mu to 0.1
Updated lambda to 0.0002559347152709961
Updated mu to 1.0
Updated lambda to 0.0025342626571655275
Updated mu to 10.0
Updated lambda to 0.02527939510345459
Updated mu to 100.0
Updated lambda to 0.25225388240814206
Updated mu to 1000.0
Updated lambda to 2.5191377325057984
Updated mu to 10000.0
Updated lambda to 25.063998572349547
Updated mu to 100000.0
Updated lambda to 242.31100784969328
Updated mu to 1000000.0
Updated lambda to 858.3846162481308
Updated lambda to 1202.6610444707871
Updated lambda to 1441.0796235723496
Updated lambda to 1646.1196015996934
Updated lambda to 1832.0860932989121
Updated mu to 10000000.0
101
Updated lambda to 2814.3706391973496
Updated lambda to 3634.5305513067246
Updated lambda to 4263.95560013485
Updated lambda to 4759.8662446661
Updated lambda to 5227.166659705163
Updated mu to 100000000.0
Updated lambda to 7611.352450720788
Updated lambda to 9518.701083533288
Updated lambda to 10853.845126502038
Updated lambda to 11807.519442908288
Updated lambda to 12761.193759314538
Updated mu to 1000000000.0
201
Updated lambda to 20390.588290564538
Updated lambda to 26112.634189002038
Updated lambda to 31834.680087439538
Updated mu to 10000000000.0
Updated lambda to 69981.65274368954
Updated lambda to 89055.13907181454
Updated lambda to 98591.88223587704
237
Edges/thresh tensor(38.) 0.0
Edges/thresh tensor(38.) 0.00013688926
Edges/thresh tensor(38.) 0.00019357761
Edges/thresh tensor(38.) 0.00022349045
Edges/thresh tensor(38.) 0.00023141447
Edges/thresh tensor(38.) 0.00023321972
Edges/thresh tensor(38.) 0.00024402238
Edges/thresh tensor(38.) 0.00027012505
Edges/thresh tensor(38.) 0.00028852213
Edges/thresh tensor(38.) 0.00030298182
Edges/thresh tensor(38.) 0.00030579668
Edges/thresh tensor(38.) 0.00030600937
Edges/thresh tensor(38.) 0.00031923217
Edges/thresh tensor(38.) 0.0003256788
Edges/thresh tensor(38.) 0.00033264537
Edges/thresh tensor(38.) 0.0003470903
Edges/thresh tensor(38.) 0.0004646547
Edges/thresh tensor(38.) 0.0006463005

======== GPU REPORT ========

==============NVSMI LOG==============

Timestamp                                 : Sun Dec 15 22:45:55 2024
Driver Version                            : 560.35.03
CUDA Version                              : 12.6

Attached GPUs                             : 1
GPU 00000000:C3:00.0
    Accounting Mode                       : Enabled
    Accounting Mode Buffer Size           : 4000
    Accounted Processes
        Process ID                        : 2419259
            GPU Utilization               : 11 %
            Memory Utilization            : 0 %
            Max memory usage              : 228 MiB
            Time                          : 446463 ms
            Is Running                    : 0

Sun Dec 15 22:45:55 2024       
+-----------------------------------------------------------------------------------------+
| NVIDIA-SMI 560.35.03              Driver Version: 560.35.03      CUDA Version: 12.6     |
|-----------------------------------------+------------------------+----------------------+
| GPU  Name                 Persistence-M | Bus-Id          Disp.A | Volatile Uncorr. ECC |
| Fan  Temp   Perf          Pwr:Usage/Cap |           Memory-Usage | GPU-Util  Compute M. |
|                                         |                        |               MIG M. |
|=========================================+========================+======================|
|   0  Quadro RTX 8000                On  |   00000000:C3:00.0 Off |                    0 |
| 33%   37C    P2             71W /  235W |       1MiB /  46080MiB |      3%      Default |
|                                         |                        |                  N/A |
+-----------------------------------------+------------------------+----------------------+
                                                                                         
+-----------------------------------------------------------------------------------------+
| Processes:                                                                              |
|  GPU   GI   CI        PID   Type   Process name                              GPU Memory |
|        ID   ID                                                               Usage      |
|=========================================================================================|
|  No running processes found                                                             |
+-----------------------------------------------------------------------------------------+

======== GPU REPORT ========

==============NVSMI LOG==============

Timestamp                                 : Sun Dec 15 22:45:55 2024
Driver Version                            : 560.35.03
CUDA Version                              : 12.6

Attached GPUs                             : 1
GPU 00000000:C3:00.0
    Accounting Mode                       : Enabled
    Accounting Mode Buffer Size           : 4000
    Accounted Processes
        Process ID                        : 2419259
            GPU Utilization               : 11 %
            Memory Utilization            : 0 %
            Max memory usage              : 228 MiB
            Time                          : 446463 ms
            Is Running                    : 0

Sun Dec 15 22:45:56 2024       
+-----------------------------------------------------------------------------------------+
| NVIDIA-SMI 560.35.03              Driver Version: 560.35.03      CUDA Version: 12.6     |
|-----------------------------------------+------------------------+----------------------+
| GPU  Name                 Persistence-M | Bus-Id          Disp.A | Volatile Uncorr. ECC |
| Fan  Temp   Perf          Pwr:Usage/Cap |           Memory-Usage | GPU-Util  Compute M. |
|                                         |                        |               MIG M. |
|=========================================+========================+======================|
|   0  Quadro RTX 8000                On  |   00000000:C3:00.0 Off |                    0 |
| 33%   37C    P2             73W /  235W |       1MiB /  46080MiB |      0%      Default |
|                                         |                        |                  N/A |
+-----------------------------------------+------------------------+----------------------+
                                                                                         
+-----------------------------------------------------------------------------------------+
| Processes:                                                                              |
|  GPU   GI   CI        PID   Type   Process name                              GPU Memory |
|        ID   ID                                                               Usage      |
|=========================================================================================|
|  No running processes found                                                             |
+-----------------------------------------------------------------------------------------+
