Namespace(num_vars=10, train=True, data_path='data/', g_path1='data/10_nodes_G1.gpickle', g_path2='data/10_nodes_G2.gpickle', g_path3='data/10_nodes_G3.gpickle', exp_path='exp/10_nodes_3_graphs/', output_ckpt='models/', sem_type='non_linear_gaussian', sigma_min=0.4, sigma_max=0.8, load_data=True, n_points=10000, num_neighbors=None, pns_thresh=0.75, pns=True, to_dag=True, jac_thresh=False, cam_pruning=False, cam_pruning_cutoff=['1e-6', '1e-4', '1e-2'], risk_extrapolation=True, beta=5.0, num_layers=3, hid_dim=16, nonlin='leaky-relu', epochs=30, batch_size=128, lr=0.0005, num_train_iter=300000, seed=40, device='cuda', stop_crit_win=100, plot_freq=10000, h_threshold=1e-08, mu_init=0.001, lambda_init=0.0, omega_lambda=0.0001, omega_mu=0.9, lr_reinit=0.001, edge_clamp_range=0.0001, norm_prod='paths', square_prod=False)
Making pns folder
PNS: num samples = 256, num nodes = 10
PNS: node 0
PNS: node 1
PNS: node 2
PNS: node 3
PNS: node 4
PNS: node 5
PNS: node 6
PNS: node 7
PNS: node 8
PNS: node 9
PNS took 6.388682842254639s
1
Updated lambda to 2.3097991943359376e-06
Updated lambda to 4.60052490234375e-06
Updated mu to 0.01
Updated lambda to 2.739334106445313e-05
Updated mu to 0.1
Updated lambda to 0.0002543678283691406
Updated mu to 1.0
Updated lambda to 0.0025183906555175783
Updated mu to 10.0
Updated lambda to 0.02510139846801758
Updated mu to 100.0
Updated lambda to 0.2503592720031738
Updated mu to 1000.0
Updated lambda to 2.498169635772705
Updated mu to 10000.0
Updated lambda to 24.852295612335205
Updated mu to 100000.0
Updated lambda to 240.3826911201477
Updated mu to 1000000.0
Updated lambda to 933.7039191474914
Updated lambda to 1318.0346686592102
Updated lambda to 1586.0171515693664
Updated lambda to 1751.956482624054
101
Updated lambda to 1883.5635382881164
Updated lambda to 1998.0044562568664
Updated lambda to 2088.60351631546
Updated lambda to 2176.341553424835
Updated mu to 10000000.0
Updated lambda to 2939.281006549835
Updated lambda to 3645.00000069046
Updated mu to 100000000.0
Updated lambda to 6887.49267647171
Updated lambda to 9176.31103584671
Updated lambda to 10702.18994209671
Updated lambda to 12228.06884834671
Updated mu to 1000000000.0
201
Updated lambda to 20811.13769600296
Updated lambda to 28440.53222725296
Updated lambda to 34162.57812569046
Updated lambda to 37977.27539131546
Updated lambda to 41791.97265694046
Updated mu to 10000000000.0
Updated lambda to 60865.45898506546
Updated lambda to 79938.94531319046
Updated mu to 100000000000.0
256
Edges/thresh tensor(41.) 0.0
Edges/thresh tensor(41.) 0.000105521474
Edges/thresh tensor(41.) 0.00014174692
Edges/thresh tensor(41.) 0.00018977933
Edges/thresh tensor(41.) 0.00019337678
Edges/thresh tensor(41.) 0.00019598396
Edges/thresh tensor(41.) 0.0002159758
Edges/thresh tensor(41.) 0.00022601272
Edges/thresh tensor(41.) 0.00023121006
Edges/thresh tensor(41.) 0.00027662897
Edges/thresh tensor(41.) 0.00029467983
Edges/thresh tensor(41.) 0.0003070081
Edges/thresh tensor(41.) 0.00032846504
Edges/thresh tensor(41.) 0.00033461262
Edges/thresh tensor(41.) 0.00034294004
Edges/thresh tensor(41.) 0.0003624693
Edges/thresh tensor(41.) 0.0003673338
Edges/thresh tensor(41.) 0.00037979393
Edges/thresh tensor(41.) 0.00042934416
Edges/thresh tensor(41.) 0.0004504922
Edges/thresh tensor(41.) 0.0005810164
Edges/thresh tensor(41.) 0.00063287717
Edges/thresh tensor(41.) 0.0006404496

======== GPU REPORT ========

==============NVSMI LOG==============

Timestamp                                 : Sun Dec 15 22:32:54 2024
Driver Version                            : 560.35.03
CUDA Version                              : 12.6

Attached GPUs                             : 1
GPU 00000000:27:00.0
    Accounting Mode                       : Enabled
    Accounting Mode Buffer Size           : 4000
    Accounted Processes
        Process ID                        : 3154068
            GPU Utilization               : 10 %
            Memory Utilization            : 0 %
            Max memory usage              : 228 MiB
            Time                          : 505525 ms
            Is Running                    : 0

Sun Dec 15 22:32:54 2024       
+-----------------------------------------------------------------------------------------+
| NVIDIA-SMI 560.35.03              Driver Version: 560.35.03      CUDA Version: 12.6     |
|-----------------------------------------+------------------------+----------------------+
| GPU  Name                 Persistence-M | Bus-Id          Disp.A | Volatile Uncorr. ECC |
| Fan  Temp   Perf          Pwr:Usage/Cap |           Memory-Usage | GPU-Util  Compute M. |
|                                         |                        |               MIG M. |
|=========================================+========================+======================|
|   0  Quadro RTX 8000                On  |   00000000:27:00.0 Off |                    0 |
| 37%   47C    P2             69W /  235W |       1MiB /  46080MiB |      3%      Default |
|                                         |                        |                  N/A |
+-----------------------------------------+------------------------+----------------------+
                                                                                         
+-----------------------------------------------------------------------------------------+
| Processes:                                                                              |
|  GPU   GI   CI        PID   Type   Process name                              GPU Memory |
|        ID   ID                                                               Usage      |
|=========================================================================================|
|  No running processes found                                                             |
+-----------------------------------------------------------------------------------------+

======== GPU REPORT ========

==============NVSMI LOG==============

Timestamp                                 : Sun Dec 15 22:32:55 2024
Driver Version                            : 560.35.03
CUDA Version                              : 12.6

Attached GPUs                             : 1
GPU 00000000:27:00.0
    Accounting Mode                       : Enabled
    Accounting Mode Buffer Size           : 4000
    Accounted Processes
        Process ID                        : 3154068
            GPU Utilization               : 10 %
            Memory Utilization            : 0 %
            Max memory usage              : 228 MiB
            Time                          : 505525 ms
            Is Running                    : 0

Sun Dec 15 22:32:55 2024       
+-----------------------------------------------------------------------------------------+
| NVIDIA-SMI 560.35.03              Driver Version: 560.35.03      CUDA Version: 12.6     |
|-----------------------------------------+------------------------+----------------------+
| GPU  Name                 Persistence-M | Bus-Id          Disp.A | Volatile Uncorr. ECC |
| Fan  Temp   Perf          Pwr:Usage/Cap |           Memory-Usage | GPU-Util  Compute M. |
|                                         |                        |               MIG M. |
|=========================================+========================+======================|
|   0  Quadro RTX 8000                On  |   00000000:27:00.0 Off |                    0 |
| 37%   47C    P2             69W /  235W |       1MiB /  46080MiB |      0%      Default |
|                                         |                        |                  N/A |
+-----------------------------------------+------------------------+----------------------+
                                                                                         
+-----------------------------------------------------------------------------------------+
| Processes:                                                                              |
|  GPU   GI   CI        PID   Type   Process name                              GPU Memory |
|        ID   ID                                                               Usage      |
|=========================================================================================|
|  No running processes found                                                             |
+-----------------------------------------------------------------------------------------+
