Namespace(num_vars=10, train=True, data_path='data/', g_path1='data/10_nodes_G1.gpickle', g_path2='data/10_nodes_G2.gpickle', g_path3='data/10_nodes_G3.gpickle', exp_path='exp/10_nodes_3_graphs/', output_ckpt='models/', sem_type='non_linear_gaussian', sigma_min=0.4, sigma_max=0.8, load_data=True, n_points=10000, num_neighbors=None, pns_thresh=0.75, pns=True, to_dag=True, jac_thresh=False, cam_pruning=False, cam_pruning_cutoff=['1e-6', '1e-4', '1e-2'], risk_extrapolation=True, beta=1.0, num_layers=3, hid_dim=16, nonlin='leaky-relu', epochs=30, batch_size=128, lr=0.0005, num_train_iter=300000, seed=40, device='cuda', stop_crit_win=100, plot_freq=10000, h_threshold=1e-08, mu_init=0.001, lambda_init=0.0, omega_lambda=0.0001, omega_mu=0.9, lr_reinit=0.001, edge_clamp_range=0.0001, norm_prod='paths', square_prod=False)

======== GPU REPORT ========

==============NVSMI LOG==============

Timestamp                                 : Sun Dec 15 22:12:36 2024
Driver Version                            : 560.35.03
CUDA Version                              : 12.6

Attached GPUs                             : 1
GPU 00000000:27:00.0
    Accounting Mode                       : Enabled
    Accounting Mode Buffer Size           : 4000
    Accounted Processes                   : None

Sun Dec 15 22:12:37 2024       
+-----------------------------------------------------------------------------------------+
| NVIDIA-SMI 560.35.03              Driver Version: 560.35.03      CUDA Version: 12.6     |
|-----------------------------------------+------------------------+----------------------+
| GPU  Name                 Persistence-M | Bus-Id          Disp.A | Volatile Uncorr. ECC |
| Fan  Temp   Perf          Pwr:Usage/Cap |           Memory-Usage | GPU-Util  Compute M. |
|                                         |                        |               MIG M. |
|=========================================+========================+======================|
|   0  Quadro RTX 8000                On  |   00000000:27:00.0 Off |                    0 |
| 37%   33C    P8             24W /  235W |       1MiB /  46080MiB |      0%      Default |
|                                         |                        |                  N/A |
+-----------------------------------------+------------------------+----------------------+
                                                                                         
+-----------------------------------------------------------------------------------------+
| Processes:                                                                              |
|  GPU   GI   CI        PID   Type   Process name                              GPU Memory |
|        ID   ID                                                               Usage      |
|=========================================================================================|
|  No running processes found                                                             |
+-----------------------------------------------------------------------------------------+

======== GPU REPORT ========

==============NVSMI LOG==============

Timestamp                                 : Sun Dec 15 22:12:37 2024
Driver Version                            : 560.35.03
CUDA Version                              : 12.6

Attached GPUs                             : 1
GPU 00000000:27:00.0
    Accounting Mode                       : Enabled
    Accounting Mode Buffer Size           : 4000
    Accounted Processes                   : None

Sun Dec 15 22:12:37 2024       
+-----------------------------------------------------------------------------------------+
| NVIDIA-SMI 560.35.03              Driver Version: 560.35.03      CUDA Version: 12.6     |
|-----------------------------------------+------------------------+----------------------+
| GPU  Name                 Persistence-M | Bus-Id          Disp.A | Volatile Uncorr. ECC |
| Fan  Temp   Perf          Pwr:Usage/Cap |           Memory-Usage | GPU-Util  Compute M. |
|                                         |                        |               MIG M. |
|=========================================+========================+======================|
|   0  Quadro RTX 8000                On  |   00000000:27:00.0 Off |                    0 |
| 37%   33C    P8             24W /  235W |       1MiB /  46080MiB |      0%      Default |
|                                         |                        |                  N/A |
+-----------------------------------------+------------------------+----------------------+
                                                                                         
+-----------------------------------------------------------------------------------------+
| Processes:                                                                              |
|  GPU   GI   CI        PID   Type   Process name                              GPU Memory |
|        ID   ID                                                               Usage      |
|=========================================================================================|
|  No running processes found                                                             |
+-----------------------------------------------------------------------------------------+
